<?xml version="1.0" encoding="UTF-8"?>
<testsuites name="Mocha Tests" time="2.041" tests="4" failures="0">
  <testsuite name="Root Suite" timestamp="2025-12-09T19:13:30" tests="0" file="cypress\e2e\health.cy.js" time="0.000" failures="0">
  </testsuite>
  <testsuite name="🏥 E2E - Health Checks" timestamp="2025-12-09T19:13:30" tests="4" time="2.026" failures="0">
    <testcase name="🏥 E2E - Health Checks ✅ GET / debería retornar página de bienvenida" time="0.126" classname="✅ GET / debería retornar página de bienvenida">
    </testcase>
    <testcase name="🏥 E2E - Health Checks ✅ GET /health debería retornar status OK" time="0.086" classname="✅ GET /health debería retornar status OK">
    </testcase>
    <testcase name="🏥 E2E - Health Checks ✅ Todos los endpoints principales deberían estar disponibles" time="1.464" classname="✅ Todos los endpoints principales deberían estar disponibles">
    </testcase>
    <testcase name="🏥 E2E - Health Checks ❌ Endpoint inexistente debería retornar 404" time="0.039" classname="❌ Endpoint inexistente debería retornar 404">
    </testcase>
  </testsuite>
</testsuites>