<?xml version="1.0" encoding="UTF-8"?>
<testsuites name="Mocha Tests" time="11.191" tests="7" failures="0">
  <testsuite name="Root Suite" timestamp="2025-12-09T19:24:57" tests="0" file="cypress\e2e\performance.cy.js" time="0.000" failures="0">
  </testsuite>
  <testsuite name="⚡ E2E - Performance y Carga" timestamp="2025-12-09T19:24:57" tests="0" time="0.000" failures="0">
  </testsuite>
  <testsuite name="Tiempos de Respuesta" timestamp="2025-12-09T19:24:57" tests="3" time="3.185" failures="0">
    <testcase name="⚡ E2E - Performance y Carga Tiempos de Respuesta ✅ GET /usuarios debería responder en menos de 1 segundo" time="0.411" classname="✅ GET /usuarios debería responder en menos de 1 segundo">
    </testcase>
    <testcase name="⚡ E2E - Performance y Carga Tiempos de Respuesta ✅ POST /usuarios debería responder en menos de 2 segundos" time="0.630" classname="✅ POST /usuarios debería responder en menos de 2 segundos">
    </testcase>
    <testcase name="⚡ E2E - Performance y Carga Tiempos de Respuesta ✅ Múltiples requests deberían completarse en tiempo razonable" time="1.810" classname="✅ Múltiples requests deberían completarse en tiempo razonable">
    </testcase>
  </testsuite>
  <testsuite name="Creación Masiva" timestamp="2025-12-09T19:25:00" tests="1" time="6.813" failures="0">
    <testcase name="⚡ E2E - Performance y Carga Creación Masiva ✅ Crear 10 usuarios consecutivamente" time="3.019" classname="✅ Crear 10 usuarios consecutivamente">
    </testcase>
  </testsuite>
  <testsuite name="Consultas con Muchos Registros" timestamp="2025-12-09T19:25:07" tests="3" time="1.175" failures="0">
    <testcase name="⚡ E2E - Performance y Carga Consultas con Muchos Registros ✅ GET /usuarios debería manejar respuestas grandes" time="0.316" classname="✅ GET /usuarios debería manejar respuestas grandes">
    </testcase>
    <testcase name="⚡ E2E - Performance y Carga Consultas con Muchos Registros ✅ GET /trabajos debería manejar respuestas grandes" time="0.380" classname="✅ GET /trabajos debería manejar respuestas grandes">
    </testcase>
    <testcase name="⚡ E2E - Performance y Carga Consultas con Muchos Registros ✅ GET /postulaciones debería manejar respuestas grandes" time="0.316" classname="✅ GET /postulaciones debería manejar respuestas grandes">
    </testcase>
  </testsuite>
</testsuites>