<?xml version="1.0" encoding="UTF-8"?>
<testsuites name="Mocha Tests" time="5.536" tests="8" failures="2">
  <testsuite name="Root Suite" timestamp="2025-12-09T19:14:00" tests="0" file="cypress\e2e\seguridad.cy.js" time="0.000" failures="0">
  </testsuite>
  <testsuite name="🔒 E2E - Seguridad Básica" timestamp="2025-12-09T19:14:00" tests="0" time="0.000" failures="0">
  </testsuite>
  <testsuite name="Inyección SQL (Básico)" timestamp="2025-12-09T19:14:00" tests="2" time="1.479" failures="1">
    <testcase name="🔒 E2E - Seguridad Básica Inyección SQL (Básico) ❌ Debería rechazar SQL injection en nombre" time="0.000" classname="❌ Debería rechazar SQL injection en nombre">
      <failure message="expected 201 to not equal 201" type="AssertionError"><![CDATA[AssertionError: expected 201 to not equal 201
    at Context.eval (webpack://minichangapp-backend/./cypress/e2e/seguridad.cy.js:18:39)]]></failure>
    </testcase>
    <testcase name="🔒 E2E - Seguridad Básica Inyección SQL (Básico) ❌ Debería rechazar SQL injection en email" time="0.109" classname="❌ Debería rechazar SQL injection en email">
    </testcase>
  </testsuite>
  <testsuite name="XSS (Cross-Site Scripting)" timestamp="2025-12-09T19:14:02" tests="2" time="1.636" failures="1">
    <testcase name="🔒 E2E - Seguridad Básica XSS (Cross-Site Scripting) ✅ Debería sanitizar scripts en nombre" time="0.000" classname="✅ Debería sanitizar scripts en nombre">
      <failure message="expected 201 to not equal 201" type="AssertionError"><![CDATA[AssertionError: expected 201 to not equal 201
    at Context.eval (webpack://minichangapp-backend/./cypress/e2e/seguridad.cy.js:61:39)]]></failure>
    </testcase>
    <testcase name="🔒 E2E - Seguridad Básica XSS (Cross-Site Scripting) ✅ Debería sanitizar HTML en descripción de trabajo" time="0.686" classname="✅ Debería sanitizar HTML en descripción de trabajo">
    </testcase>
  </testsuite>
  <testsuite name="Validación de Tipos de Datos" timestamp="2025-12-09T19:14:03" tests="2" time="1.073" failures="0">
    <testcase name="🔒 E2E - Seguridad Básica Validación de Tipos de Datos ❌ Debería rechazar string en campo numérico" time="0.395" classname="❌ Debería rechazar string en campo numérico">
    </testcase>
    <testcase name="🔒 E2E - Seguridad Básica Validación de Tipos de Datos ❌ Debería rechazar oferta_pago negativa" time="0.511" classname="❌ Debería rechazar oferta_pago negativa">
    </testcase>
  </testsuite>
  <testsuite name="Límites y Tamaños" timestamp="2025-12-09T19:14:04" tests="2" time="1.332" failures="0">
    <testcase name="🔒 E2E - Seguridad Básica Límites y Tamaños ✅ Debería manejar textos muy largos" time="0.729" classname="✅ Debería manejar textos muy largos">
    </testcase>
    <testcase name="🔒 E2E - Seguridad Básica Límites y Tamaños ❌ Debería rechazar email demasiado largo" time="0.449" classname="❌ Debería rechazar email demasiado largo">
    </testcase>
  </testsuite>
</testsuites>