<?xml version="1.0" encoding="UTF-8"?>
<testsuites name="Mocha Tests" time="4.459" tests="8" failures="0">
  <testsuite name="Root Suite" timestamp="2025-12-09T19:31:59" tests="0" file="cypress\e2e\seguridad.cy.js" time="0.000" failures="0">
  </testsuite>
  <testsuite name="🔒 E2E - Seguridad Básica" timestamp="2025-12-09T19:31:59" tests="0" time="0.000" failures="0">
  </testsuite>
  <testsuite name="Inyección SQL (Básico)" timestamp="2025-12-09T19:31:59" tests="2" time="0.742" failures="0">
    <testcase name="🔒 E2E - Seguridad Básica Inyección SQL (Básico) ❌ Debería rechazar SQL injection en nombre" time="0.487" classname="❌ Debería rechazar SQL injection en nombre">
    </testcase>
    <testcase name="🔒 E2E - Seguridad Básica Inyección SQL (Básico) ❌ Debería rechazar SQL injection en email" time="0.044" classname="❌ Debería rechazar SQL injection en email">
    </testcase>
  </testsuite>
  <testsuite name="XSS (Cross-Site Scripting)" timestamp="2025-12-09T19:32:00" tests="2" time="1.201" failures="0">
    <testcase name="🔒 E2E - Seguridad Básica XSS (Cross-Site Scripting) ✅ Debería sanitizar scripts en nombre" time="0.345" classname="✅ Debería sanitizar scripts en nombre">
    </testcase>
    <testcase name="🔒 E2E - Seguridad Básica XSS (Cross-Site Scripting) ✅ Debería sanitizar HTML en descripción de trabajo" time="0.750" classname="✅ Debería sanitizar HTML en descripción de trabajo">
    </testcase>
  </testsuite>
  <testsuite name="Validación de Tipos de Datos" timestamp="2025-12-09T19:32:01" tests="2" time="0.835" failures="0">
    <testcase name="🔒 E2E - Seguridad Básica Validación de Tipos de Datos ❌ Debería rechazar string en campo numérico" time="0.361" classname="❌ Debería rechazar string en campo numérico">
    </testcase>
    <testcase name="🔒 E2E - Seguridad Básica Validación de Tipos de Datos ❌ Debería rechazar oferta_pago negativa" time="0.379" classname="❌ Debería rechazar oferta_pago negativa">
    </testcase>
  </testsuite>
  <testsuite name="Límites y Tamaños" timestamp="2025-12-09T19:32:02" tests="2" time="1.663" failures="0">
    <testcase name="🔒 E2E - Seguridad Básica Límites y Tamaños ✅ Debería manejar textos muy largos" time="0.951" classname="✅ Debería manejar textos muy largos">
    </testcase>
    <testcase name="🔒 E2E - Seguridad Básica Límites y Tamaños ❌ Debería rechazar email demasiado largo" time="0.586" classname="❌ Debería rechazar email demasiado largo">
    </testcase>
  </testsuite>
</testsuites>