<?xml version="1.0" encoding="UTF-8"?>
<testsuites name="Mocha Tests" time="11.994" tests="8" failures="0">
  <testsuite name="Root Suite" timestamp="2025-12-09T19:31:08" tests="0" file="cypress\e2e\flujos-completos.cy.js" time="0.000" failures="0">
  </testsuite>
  <testsuite name="🔄 E2E - Flujos Completos" timestamp="2025-12-09T19:31:08" tests="0" time="0.000" failures="0">
  </testsuite>
  <testsuite name="Flujo: Empleador publica trabajo y recibe postulaciones" timestamp="2025-12-09T19:31:08" tests="4" time="5.308" failures="0">
    <testcase name="🔄 E2E - Flujos Completos Flujo: Empleador publica trabajo y recibe postulaciones ✅ Paso 1: Empleador publica trabajo" time="1.720" classname="✅ Paso 1: Empleador publica trabajo">
    </testcase>
    <testcase name="🔄 E2E - Flujos Completos Flujo: Empleador publica trabajo y recibe postulaciones ✅ Paso 2: Candidato 1 postula al trabajo" time="0.340" classname="✅ Paso 2: Candidato 1 postula al trabajo">
    </testcase>
    <testcase name="🔄 E2E - Flujos Completos Flujo: Empleador publica trabajo y recibe postulaciones ✅ Paso 3: Candidato 2 postula al mismo trabajo" time="0.374" classname="✅ Paso 3: Candidato 2 postula al mismo trabajo">
    </testcase>
    <testcase name="🔄 E2E - Flujos Completos Flujo: Empleador publica trabajo y recibe postulaciones ✅ Paso 4: Verificar que el trabajo tiene postulaciones" time="0.471" classname="✅ Paso 4: Verificar que el trabajo tiene postulaciones">
    </testcase>
  </testsuite>
  <testsuite name="Flujo: Actualización en cadena" timestamp="2025-12-09T19:31:13" tests="3" time="3.268" failures="0">
    <testcase name="🔄 E2E - Flujos Completos Flujo: Actualización en cadena ✅ Actualizar usuario y verificar cambios" time="1.492" classname="✅ Actualizar usuario y verificar cambios">
    </testcase>
    <testcase name="🔄 E2E - Flujos Completos Flujo: Actualización en cadena ✅ Actualizar trabajo y verificar cambios" time="0.389" classname="✅ Actualizar trabajo y verificar cambios">
    </testcase>
    <testcase name="🔄 E2E - Flujos Completos Flujo: Actualización en cadena ✅ Actualizar postulación y verificar cambios" time="0.352" classname="✅ Actualizar postulación y verificar cambios">
    </testcase>
  </testsuite>
  <testsuite name="Flujo: Eliminar usuario con trabajos y postulaciones" timestamp="2025-12-09T19:31:16" tests="1" time="3.405" failures="0">
    <testcase name="🔄 E2E - Flujos Completos Flujo: Eliminar usuario con trabajos y postulaciones ✅ Eliminar trabajos primero, luego usuario" time="2.364" classname="✅ Eliminar trabajos primero, luego usuario">
    </testcase>
  </testsuite>
</testsuites>