<?xml version="1.0" encoding="UTF-8"?>
<testsuites name="Mocha Tests" time="7.435" tests="6" failures="0">
  <testsuite name="Root Suite" timestamp="2025-12-09T19:32:08" tests="0" file="cypress\e2e\trabajos.cy.js" time="0.000" failures="0">
  </testsuite>
  <testsuite name="🔗 E2E - Trabajos API" timestamp="2025-12-09T19:32:08" tests="6" time="7.419" failures="0">
    <testcase name="🔗 E2E - Trabajos API ✅ Debería listar todos los trabajos (GET /trabajos)" time="1.157" classname="✅ Debería listar todos los trabajos (GET /trabajos)">
    </testcase>
    <testcase name="🔗 E2E - Trabajos API ✅ Debería crear un nuevo trabajo (POST /trabajos)" time="0.643" classname="✅ Debería crear un nuevo trabajo (POST /trabajos)">
    </testcase>
    <testcase name="🔗 E2E - Trabajos API ✅ Debería obtener un trabajo por ID (GET /trabajos/:id)" time="1.007" classname="✅ Debería obtener un trabajo por ID (GET /trabajos/:id)">
    </testcase>
    <testcase name="🔗 E2E - Trabajos API ✅ Debería actualizar un trabajo (PUT /trabajos/:id)" time="0.959" classname="✅ Debería actualizar un trabajo (PUT /trabajos/:id)">
    </testcase>
    <testcase name="🔗 E2E - Trabajos API ✅ Debería eliminar un trabajo (DELETE /trabajos/:id)" time="0.954" classname="✅ Debería eliminar un trabajo (DELETE /trabajos/:id)">
    </testcase>
    <testcase name="🔗 E2E - Trabajos API ✅ Debería filtrar trabajos por ubicación" time="0.976" classname="✅ Debería filtrar trabajos por ubicación">
    </testcase>
  </testsuite>
</testsuites>