<?xml version="1.0" encoding="UTF-8"?>
<testsuites name="Mocha Tests" time="5.008" tests="7" failures="1">
  <testsuite name="Root Suite" timestamp="2025-12-09T19:13:36" tests="0" file="cypress\e2e\performance.cy.js" time="0.000" failures="0">
  </testsuite>
  <testsuite name="⚡ E2E - Performance y Carga" timestamp="2025-12-09T19:13:36" tests="0" time="0.000" failures="0">
  </testsuite>
  <testsuite name="Tiempos de Respuesta" timestamp="2025-12-09T19:13:36" tests="3" time="2.996" failures="0">
    <testcase name="⚡ E2E - Performance y Carga Tiempos de Respuesta ✅ GET /usuarios debería responder en menos de 1 segundo" time="0.420" classname="✅ GET /usuarios debería responder en menos de 1 segundo">
    </testcase>
    <testcase name="⚡ E2E - Performance y Carga Tiempos de Respuesta ✅ POST /usuarios debería responder en menos de 2 segundos" time="0.668" classname="✅ POST /usuarios debería responder en menos de 2 segundos">
    </testcase>
    <testcase name="⚡ E2E - Performance y Carga Tiempos de Respuesta ✅ Múltiples requests deberían completarse en tiempo razonable" time="1.609" classname="✅ Múltiples requests deberían completarse en tiempo razonable">
    </testcase>
  </testsuite>
  <testsuite name="Creación Masiva" timestamp="2025-12-09T19:13:39" tests="1" time="0.682" failures="1">
    <testcase name="⚡ E2E - Performance y Carga Creación Masiva ✅ Crear 10 usuarios consecutivamente" time="0.000" classname="✅ Crear 10 usuarios consecutivamente">
      <failure message="`cy.request()` failed on:

http://localhost:3000/usuarios

The response we received from your web server was:

  &gt; 400: Bad Request

This was considered a failure because the status code was not `2xx` or `3xx`.

If you do not want status codes to cause failures pass the option: `failOnStatusCode: false`

-----------------------------------------------------------

The request we sent was:

Method: POST
URL: http://localhost:3000/usuarios
Headers: {
  &quot;Connection&quot;: &quot;keep-alive&quot;,
  &quot;user-agent&quot;: &quot;Mozilla/5.0 (Windows NT 10.0; Win64; x64) AppleWebKit/537.36 (KHTML, like Gecko) Cypress/13.17.0 Chrome/118.0.5993.159 Electron/27.3.10 Safari/537.36&quot;,
  &quot;accept&quot;: &quot;*/*&quot;,
  &quot;accept-encoding&quot;: &quot;gzip, deflate&quot;,
  &quot;content-type&quot;: &quot;application/json&quot;,
  &quot;content-length&quot;: 87
}
Body: {&quot;nombre&quot;:&quot;Usuario Masivo 0&quot;,&quot;email&quot;:&quot;masivo0.1765307619067@test.com&quot;,&quot;rol&quot;:&quot;empleado&quot;}

-----------------------------------------------------------

The response we got was:

Status: 400 - Bad Request
Headers: {
  &quot;x-powered-by&quot;: &quot;Express&quot;,
  &quot;access-control-allow-origin&quot;: &quot;*&quot;,
  &quot;content-type&quot;: &quot;application/json; charset=utf-8&quot;,
  &quot;content-length&quot;: &quot;49&quot;,
  &quot;etag&quot;: &quot;W/\&quot;31-hk6SwVtg12ecT9GsOymfZmTwn5M\&quot;&quot;,
  &quot;date&quot;: &quot;Tue, 09 Dec 2025 19:13:39 GMT&quot;,
  &quot;connection&quot;: &quot;keep-alive&quot;,
  &quot;keep-alive&quot;: &quot;timeout=5&quot;
}
Body: {
  &quot;error&quot;: &quot;El nombre no puede contener números.&quot;
}


https://on.cypress.io/request" type="CypressError"><![CDATA[CypressError: `cy.request()` failed on:

http://localhost:3000/usuarios

The response we received from your web server was:

  > 400: Bad Request

This was considered a failure because the status code was not `2xx` or `3xx`.

If you do not want status codes to cause failures pass the option: `failOnStatusCode: false`

-----------------------------------------------------------

The request we sent was:

Method: POST
URL: http://localhost:3000/usuarios
Headers: {
  "Connection": "keep-alive",
  "user-agent": "Mozilla/5.0 (Windows NT 10.0; Win64; x64) AppleWebKit/537.36 (KHTML, like Gecko) Cypress/13.17.0 Chrome/118.0.5993.159 Electron/27.3.10 Safari/537.36",
  "accept": "*/*",
  "accept-encoding": "gzip, deflate",
  "content-type": "application/json",
  "content-length": 87
}
Body: {"nombre":"Usuario Masivo 0","email":"masivo0.1765307619067@test.com","rol":"empleado"}

-----------------------------------------------------------

The response we got was:

Status: 400 - Bad Request
Headers: {
  "x-powered-by": "Express",
  "access-control-allow-origin": "*",
  "content-type": "application/json; charset=utf-8",
  "content-length": "49",
  "etag": "W/\"31-hk6SwVtg12ecT9GsOymfZmTwn5M\"",
  "date": "Tue, 09 Dec 2025 19:13:39 GMT",
  "connection": "keep-alive",
  "keep-alive": "timeout=5"
}
Body: {
  "error": "El nombre no puede contener números."
}


https://on.cypress.io/request
    at <unknown> (http://localhost:3000/__cypress/runner/cypress_runner.js:132876:72)
    at tryCatcher (http://localhost:3000/__cypress/runner/cypress_runner.js:1830:23)
    at Promise._settlePromiseFromHandler (http://localhost:3000/__cypress/runner/cypress_runner.js:1542:31)
    at Promise._settlePromise (http://localhost:3000/__cypress/runner/cypress_runner.js:1599:18)
    at Promise._settlePromise0 (http://localhost:3000/__cypress/runner/cypress_runner.js:1644:10)
    at Promise._settlePromises (http://localhost:3000/__cypress/runner/cypress_runner.js:1724:18)
    at _drainQueueStep (http://localhost:3000/__cypress/runner/cypress_runner.js:2430:12)
    at _drainQueue (http://localhost:3000/__cypress/runner/cypress_runner.js:2423:9)
    at Async._drainQueues (http://localhost:3000/__cypress/runner/cypress_runner.js:2439:5)
    at Async.drainQueues (http://localhost:3000/__cypress/runner/cypress_runner.js:2309:14)
From Your Spec Code:
    at Context.eval (webpack://minichangapp-backend/./cypress/support/commands.js:16:12)]]></failure>
    </testcase>
  </testsuite>
  <testsuite name="Consultas con Muchos Registros" timestamp="2025-12-09T19:13:39" tests="3" time="1.312" failures="0">
    <testcase name="⚡ E2E - Performance y Carga Consultas con Muchos Registros ✅ GET /usuarios debería manejar respuestas grandes" time="0.383" classname="✅ GET /usuarios debería manejar respuestas grandes">
    </testcase>
    <testcase name="⚡ E2E - Performance y Carga Consultas con Muchos Registros ✅ GET /trabajos debería manejar respuestas grandes" time="0.302" classname="✅ GET /trabajos debería manejar respuestas grandes">
    </testcase>
    <testcase name="⚡ E2E - Performance y Carga Consultas con Muchos Registros ✅ GET /postulaciones debería manejar respuestas grandes" time="0.376" classname="✅ GET /postulaciones debería manejar respuestas grandes">
    </testcase>
  </testsuite>
</testsuites>